<?xml version="1.0" encoding="UTF-8"?>
<coverage generated="1773226726271" clover="3.2.0">
  <project timestamp="1773226726271" name="All files">
    <metrics statements="152" coveredstatements="152" conditionals="82" coveredconditionals="80" methods="53" coveredmethods="53" elements="287" coveredelements="285" complexity="0" loc="152" ncloc="152" packages="5" files="10" classes="10"/>
    <package name="components.learn">
      <metrics statements="21" coveredstatements="21" conditionals="28" coveredconditionals="28" methods="5" coveredmethods="5"/>
      <file name="QuizOption.tsx" path="C:\Users\itonl\Desktop\01_Frontend\hyakunin-goromaru-android\src\components\learn\QuizOption.tsx">
        <metrics statements="21" coveredstatements="21" conditionals="28" coveredconditionals="28" methods="5" coveredmethods="5"/>
        <line num="19" count="1" type="stmt"/>
        <line num="21" count="17" type="stmt"/>
        <line num="22" count="17" type="cond" truecount="2" falsecount="0"/>
        <line num="23" count="7" type="cond" truecount="2" falsecount="0"/>
        <line num="24" count="3" type="cond" truecount="4" falsecount="0"/>
        <line num="25" count="1" type="stmt"/>
        <line num="28" count="17" type="stmt"/>
        <line num="29" count="17" type="cond" truecount="2" falsecount="0"/>
        <line num="30" count="7" type="cond" truecount="2" falsecount="0"/>
        <line num="31" count="3" type="cond" truecount="4" falsecount="0"/>
        <line num="32" count="1" type="stmt"/>
        <line num="35" count="17" type="stmt"/>
        <line num="36" count="17" type="cond" truecount="2" falsecount="0"/>
        <line num="37" count="7" type="cond" truecount="2" falsecount="0"/>
        <line num="38" count="3" type="cond" truecount="4" falsecount="0"/>
        <line num="39" count="1" type="stmt"/>
        <line num="42" count="17" type="stmt"/>
        <line num="44" count="17" type="stmt"/>
        <line num="46" count="4" type="stmt"/>
        <line num="80" count="1" type="stmt"/>
        <line num="82" count="1" type="stmt"/>
      </file>
    </package>
    <package name="components.ui">
      <metrics statements="32" coveredstatements="32" conditionals="18" coveredconditionals="17" methods="7" coveredmethods="7"/>
      <file name="GoroText.tsx" path="C:\Users\itonl\Desktop\01_Frontend\hyakunin-goromaru-android\src\components\ui\GoroText.tsx">
        <metrics statements="16" coveredstatements="16" conditionals="9" coveredconditionals="8" methods="3" coveredmethods="3"/>
        <line num="18" count="1" type="cond" truecount="1" falsecount="0"/>
        <line num="20" count="16" type="stmt"/>
        <line num="22" count="16" type="stmt"/>
        <line num="25" count="25" type="cond" truecount="2" falsecount="0"/>
        <line num="37" count="1" type="stmt"/>
        <line num="49" count="16" type="stmt"/>
        <line num="50" count="16" type="stmt"/>
        <line num="53" count="16" type="stmt"/>
        <line num="54" count="24" type="cond" truecount="2" falsecount="0"/>
        <line num="56" count="10" type="stmt"/>
        <line num="57" count="14" type="cond" truecount="1" falsecount="1"/>
        <line num="58" count="14" type="stmt"/>
        <line num="63" count="16" type="cond" truecount="2" falsecount="0"/>
        <line num="64" count="1" type="stmt"/>
        <line num="67" count="16" type="stmt"/>
        <line num="70" count="1" type="stmt"/>
      </file>
      <file name="VerticalText.tsx" path="C:\Users\itonl\Desktop\01_Frontend\hyakunin-goromaru-android\src\components\ui\VerticalText.tsx">
        <metrics statements="16" coveredstatements="16" conditionals="9" coveredconditionals="9" methods="4" coveredmethods="4"/>
        <line num="25" count="1" type="stmt"/>
        <line num="33" count="16" type="stmt"/>
        <line num="36" count="16" type="stmt"/>
        <line num="37" count="16" type="stmt"/>
        <line num="38" count="53" type="stmt"/>
        <line num="44" count="16" type="stmt"/>
        <line num="45" count="143" type="cond" truecount="2" falsecount="0"/>
        <line num="46" count="12" type="stmt"/>
        <line num="47" count="12" type="cond" truecount="2" falsecount="0"/>
        <line num="50" count="16" type="stmt"/>
        <line num="54" count="53" type="stmt"/>
        <line num="56" count="143" type="stmt"/>
        <line num="57" count="143" type="stmt"/>
        <line num="58" count="143" type="stmt"/>
        <line num="78" count="1" type="stmt"/>
        <line num="80" count="1" type="stmt"/>
      </file>
    </package>
    <package name="constants">
      <metrics statements="6" coveredstatements="6" conditionals="0" coveredconditionals="0" methods="0" coveredmethods="0"/>
      <file name="study.ts" path="C:\Users\itonl\Desktop\01_Frontend\hyakunin-goromaru-android\src\constants\study.ts">
        <metrics statements="6" coveredstatements="6" conditionals="0" coveredconditionals="0" methods="0" coveredmethods="0"/>
        <line num="2" count="5" type="stmt"/>
        <line num="11" count="5" type="stmt"/>
        <line num="14" count="5" type="stmt"/>
        <line num="17" count="5" type="stmt"/>
        <line num="26" count="5" type="stmt"/>
        <line num="29" count="5" type="stmt"/>
      </file>
    </package>
    <package name="stores">
      <metrics statements="57" coveredstatements="57" conditionals="24" coveredconditionals="24" methods="21" coveredmethods="21"/>
      <file name="battleStore.ts" path="C:\Users\itonl\Desktop\01_Frontend\hyakunin-goromaru-android\src\stores\battleStore.ts">
        <metrics statements="27" coveredstatements="27" conditionals="10" coveredconditionals="10" methods="10" coveredmethods="10"/>
        <line num="34" count="1" type="stmt"/>
        <line num="48" count="11" type="stmt"/>
        <line num="56" count="27" type="stmt"/>
        <line num="60" count="27" type="stmt"/>
        <line num="61" count="27" type="stmt"/>
        <line num="74" count="11" type="stmt"/>
        <line num="75" count="11" type="stmt"/>
        <line num="76" count="11" type="cond" truecount="2" falsecount="0"/>
        <line num="78" count="10" type="stmt"/>
        <line num="79" count="10" type="stmt"/>
        <line num="84" count="10" type="stmt"/>
        <line num="88" count="4" type="stmt"/>
        <line num="89" count="4" type="stmt"/>
        <line num="93" count="6" type="stmt"/>
        <line num="94" count="6" type="cond" truecount="2" falsecount="0"/>
        <line num="96" count="5" type="stmt"/>
        <line num="97" count="5" type="cond" truecount="2" falsecount="0"/>
        <line num="98" count="2" type="stmt"/>
        <line num="100" count="3" type="stmt"/>
        <line num="105" count="10" type="stmt"/>
        <line num="106" count="10" type="cond" truecount="2" falsecount="0"/>
        <line num="107" count="9" type="stmt"/>
        <line num="113" count="9" type="stmt"/>
        <line num="115" count="1" type="stmt"/>
        <line num="119" count="4" type="stmt"/>
        <line num="123" count="48" type="stmt"/>
        <line num="124" count="48" type="stmt"/>
      </file>
      <file name="studyStore.ts" path="C:\Users\itonl\Desktop\01_Frontend\hyakunin-goromaru-android\src\stores\studyStore.ts">
        <metrics statements="14" coveredstatements="14" conditionals="6" coveredconditionals="6" methods="6" coveredmethods="6"/>
        <line num="16" count="1" type="stmt"/>
        <line num="22" count="25" type="stmt"/>
        <line num="23" count="25" type="cond" truecount="2" falsecount="0"/>
        <line num="24" count="19" type="stmt"/>
        <line num="29" count="4" type="stmt"/>
        <line num="30" count="4" type="cond" truecount="2" falsecount="0"/>
        <line num="31" count="2" type="stmt"/>
        <line num="36" count="14" type="stmt"/>
        <line num="37" count="14" type="cond" truecount="2" falsecount="0"/>
        <line num="38" count="11" type="stmt"/>
        <line num="39" count="11" type="stmt"/>
        <line num="41" count="3" type="stmt"/>
        <line num="45" count="12" type="stmt"/>
        <line num="49" count="22" type="stmt"/>
      </file>
      <file name="testStore.ts" path="C:\Users\itonl\Desktop\01_Frontend\hyakunin-goromaru-android\src\stores\testStore.ts">
        <metrics statements="16" coveredstatements="16" conditionals="8" coveredconditionals="8" methods="5" coveredmethods="5"/>
        <line num="24" count="1" type="stmt"/>
        <line num="34" count="22" type="stmt"/>
        <line num="35" count="22" type="stmt"/>
        <line num="36" count="22" type="cond" truecount="2" falsecount="0"/>
        <line num="38" count="21" type="stmt"/>
        <line num="39" count="21" type="cond" truecount="2" falsecount="0"/>
        <line num="40" count="21" type="stmt"/>
        <line num="42" count="21" type="stmt"/>
        <line num="50" count="21" type="stmt"/>
        <line num="54" count="17" type="stmt"/>
        <line num="55" count="17" type="cond" truecount="2" falsecount="0"/>
        <line num="56" count="15" type="stmt"/>
        <line num="57" count="15" type="stmt"/>
        <line num="59" count="2" type="stmt"/>
        <line num="63" count="23" type="stmt"/>
        <line num="67" count="32" type="stmt"/>
      </file>
    </package>
    <package name="utils">
      <metrics statements="36" coveredstatements="36" conditionals="12" coveredconditionals="11" methods="20" coveredmethods="20"/>
      <file name="blockUtils.ts" path="C:\Users\itonl\Desktop\01_Frontend\hyakunin-goromaru-android\src\utils\blockUtils.ts">
        <metrics statements="17" coveredstatements="17" conditionals="2" coveredconditionals="1" methods="8" coveredmethods="8"/>
        <line num="20" count="10" type="stmt"/>
        <line num="21" count="250" type="stmt"/>
        <line num="22" count="250" type="stmt"/>
        <line num="23" count="250" type="stmt"/>
        <line num="24" count="250" type="stmt"/>
        <line num="34" count="1" type="stmt"/>
        <line num="40" count="164" type="stmt"/>
        <line num="56" count="7" type="stmt"/>
        <line num="57" count="91" type="stmt"/>
        <line num="58" count="91" type="stmt"/>
        <line num="59" count="91" type="stmt"/>
        <line num="60" count="91" type="stmt"/>
        <line num="82" count="8" type="stmt"/>
        <line num="83" count="40" type="stmt"/>
        <line num="84" count="40" type="stmt"/>
        <line num="85" count="40" type="stmt"/>
        <line num="86" count="40" type="stmt"/>
      </file>
      <file name="poemUtils.ts" path="C:\Users\itonl\Desktop\01_Frontend\hyakunin-goromaru-android\src\utils\poemUtils.ts">
        <metrics statements="12" coveredstatements="12" conditionals="2" coveredconditionals="2" methods="8" coveredmethods="8"/>
        <line num="8" count="252" type="stmt"/>
        <line num="9" count="252" type="stmt"/>
        <line num="10" count="11829" type="stmt"/>
        <line num="11" count="11829" type="stmt"/>
        <line num="13" count="252" type="stmt"/>
        <line num="27" count="11604" type="stmt"/>
        <line num="28" count="117" type="stmt"/>
        <line num="29" count="117" type="stmt"/>
        <line num="30" count="301" type="stmt"/>
        <line num="32" count="117" type="stmt"/>
        <line num="42" count="109" type="stmt"/>
        <line num="49" count="700" type="cond" truecount="2" falsecount="0"/>
      </file>
      <file name="scoreUtils.ts" path="C:\Users\itonl\Desktop\01_Frontend\hyakunin-goromaru-android\src\utils\scoreUtils.ts">
        <metrics statements="7" coveredstatements="7" conditionals="8" coveredconditionals="8" methods="4" coveredmethods="4"/>
        <line num="9" count="11" type="cond" truecount="2" falsecount="0"/>
        <line num="10" count="10" type="stmt"/>
        <line num="17" count="8" type="cond" truecount="2" falsecount="0"/>
        <line num="26" count="11" type="cond" truecount="2" falsecount="0"/>
        <line num="27" count="6" type="cond" truecount="2" falsecount="0"/>
        <line num="28" count="2" type="stmt"/>
        <line num="35" count="6" type="stmt"/>
      </file>
    </package>
  </project>
</coverage>
