{"C:\\Users\\itonl\\Desktop\\01_Frontend\\hyakunin-goromaru-android\\src\\components\\learn\\QuizOption.tsx": {"path":"C:\\Users\\itonl\\Desktop\\01_Frontend\\hyakunin-goromaru-android\\src\\components\\learn\\QuizOption.tsx","statementMap":{"0":{"start":{"line":19,"column":19},"end":{"line":78,"column":1}},"1":{"start":{"line":21,"column":31},"end":{"line":26,"column":5}},"2":{"start":{"line":22,"column":6},"end":{"line":22,"column":43}},"3":{"start":{"line":22,"column":21},"end":{"line":22,"column":43}},"4":{"start":{"line":23,"column":6},"end":{"line":23,"column":44}},"5":{"start":{"line":23,"column":27},"end":{"line":23,"column":44}},"6":{"start":{"line":24,"column":6},"end":{"line":24,"column":59}},"7":{"start":{"line":24,"column":42},"end":{"line":24,"column":59}},"8":{"start":{"line":25,"column":6},"end":{"line":25,"column":28}},"9":{"start":{"line":28,"column":27},"end":{"line":33,"column":5}},"10":{"start":{"line":29,"column":6},"end":{"line":29,"column":38}},"11":{"start":{"line":29,"column":21},"end":{"line":29,"column":38}},"12":{"start":{"line":30,"column":6},"end":{"line":30,"column":49}},"13":{"start":{"line":30,"column":27},"end":{"line":30,"column":49}},"14":{"start":{"line":31,"column":6},"end":{"line":31,"column":66}},"15":{"start":{"line":31,"column":42},"end":{"line":31,"column":66}},"16":{"start":{"line":32,"column":6},"end":{"line":32,"column":23}},"17":{"start":{"line":35,"column":28},"end":{"line":40,"column":5}},"18":{"start":{"line":36,"column":6},"end":{"line":36,"column":33}},"19":{"start":{"line":36,"column":21},"end":{"line":36,"column":33}},"20":{"start":{"line":37,"column":6},"end":{"line":37,"column":38}},"21":{"start":{"line":37,"column":27},"end":{"line":37,"column":38}},"22":{"start":{"line":38,"column":6},"end":{"line":38,"column":53}},"23":{"start":{"line":38,"column":42},"end":{"line":38,"column":53}},"24":{"start":{"line":39,"column":6},"end":{"line":39,"column":18}},"25":{"start":{"line":42,"column":25},"end":{"line":42,"column":42}},"26":{"start":{"line":44,"column":4},"end":{"line":76,"column":6}},"27":{"start":{"line":46,"column":23},"end":{"line":46,"column":37}},"28":{"start":{"line":80,"column":0},"end":{"line":80,"column":38}},"29":{"start":{"line":82,"column":15},"end":{"line":110,"column":2}}},"fnMap":{"0":{"name":"(anonymous_0)","decl":{"start":{"line":20,"column":2},"end":{"line":20,"column":3}},"loc":{"start":{"line":20,"column":88},"end":{"line":77,"column":3}},"line":20},"1":{"name":"(anonymous_1)","decl":{"start":{"line":21,"column":31},"end":{"line":21,"column":32}},"loc":{"start":{"line":21,"column":45},"end":{"line":26,"column":5}},"line":21},"2":{"name":"(anonymous_2)","decl":{"start":{"line":28,"column":27},"end":{"line":28,"column":28}},"loc":{"start":{"line":28,"column":41},"end":{"line":33,"column":5}},"line":28},"3":{"name":"(anonymous_3)","decl":{"start":{"line":35,"column":28},"end":{"line":35,"column":29}},"loc":{"start":{"line":35,"column":49},"end":{"line":40,"column":5}},"line":35},"4":{"name":"(anonymous_4)","decl":{"start":{"line":46,"column":17},"end":{"line":46,"column":18}},"loc":{"start":{"line":46,"column":23},"end":{"line":46,"column":37}},"line":46}},"branchMap":{"0":{"loc":{"start":{"line":22,"column":6},"end":{"line":22,"column":43}},"type":"if","locations":[{"start":{"line":22,"column":6},"end":{"line":22,"column":43}},{"start":{},"end":{}}],"line":22},"1":{"loc":{"start":{"line":23,"column":6},"end":{"line":23,"column":44}},"type":"if","locations":[{"start":{"line":23,"column":6},"end":{"line":23,"column":44}},{"start":{},"end":{}}],"line":23},"2":{"loc":{"start":{"line":24,"column":6},"end":{"line":24,"column":59}},"type":"if","locations":[{"start":{"line":24,"column":6},"end":{"line":24,"column":59}},{"start":{},"end":{}}],"line":24},"3":{"loc":{"start":{"line":24,"column":10},"end":{"line":24,"column":40}},"type":"binary-expr","locations":[{"start":{"line":24,"column":10},"end":{"line":24,"column":20}},{"start":{"line":24,"column":24},"end":{"line":24,"column":40}}],"line":24},"4":{"loc":{"start":{"line":29,"column":6},"end":{"line":29,"column":38}},"type":"if","locations":[{"start":{"line":29,"column":6},"end":{"line":29,"column":38}},{"start":{},"end":{}}],"line":29},"5":{"loc":{"start":{"line":30,"column":6},"end":{"line":30,"column":49}},"type":"if","locations":[{"start":{"line":30,"column":6},"end":{"line":30,"column":49}},{"start":{},"end":{}}],"line":30},"6":{"loc":{"start":{"line":31,"column":6},"end":{"line":31,"column":66}},"type":"if","locations":[{"start":{"line":31,"column":6},"end":{"line":31,"column":66}},{"start":{},"end":{}}],"line":31},"7":{"loc":{"start":{"line":31,"column":10},"end":{"line":31,"column":40}},"type":"binary-expr","locations":[{"start":{"line":31,"column":10},"end":{"line":31,"column":20}},{"start":{"line":31,"column":24},"end":{"line":31,"column":40}}],"line":31},"8":{"loc":{"start":{"line":36,"column":6},"end":{"line":36,"column":33}},"type":"if","locations":[{"start":{"line":36,"column":6},"end":{"line":36,"column":33}},{"start":{},"end":{}}],"line":36},"9":{"loc":{"start":{"line":37,"column":6},"end":{"line":37,"column":38}},"type":"if","locations":[{"start":{"line":37,"column":6},"end":{"line":37,"column":38}},{"start":{},"end":{}}],"line":37},"10":{"loc":{"start":{"line":38,"column":6},"end":{"line":38,"column":53}},"type":"if","locations":[{"start":{"line":38,"column":6},"end":{"line":38,"column":53}},{"start":{},"end":{}}],"line":38},"11":{"loc":{"start":{"line":38,"column":10},"end":{"line":38,"column":40}},"type":"binary-expr","locations":[{"start":{"line":38,"column":10},"end":{"line":38,"column":20}},{"start":{"line":38,"column":24},"end":{"line":38,"column":40}}],"line":38},"12":{"loc":{"start":{"line":65,"column":9},"end":{"line":74,"column":9}},"type":"binary-expr","locations":[{"start":{"line":65,"column":9},"end":{"line":65,"column":21}},{"start":{"line":66,"column":10},"end":{"line":73,"column":17}}],"line":65},"13":{"loc":{"start":{"line":69,"column":23},"end":{"line":69,"column":74}},"type":"cond-expr","locations":[{"start":{"line":69,"column":41},"end":{"line":69,"column":55}},{"start":{"line":69,"column":58},"end":{"line":69,"column":74}}],"line":69}},"s":{"0":1,"1":17,"2":17,"3":10,"4":7,"5":4,"6":3,"7":2,"8":1,"9":17,"10":17,"11":10,"12":7,"13":4,"14":3,"15":2,"16":1,"17":17,"18":17,"19":10,"20":7,"21":4,"22":3,"23":2,"24":1,"25":17,"26":17,"27":4,"28":1,"29":1},"f":{"0":17,"1":17,"2":17,"3":17,"4":4},"b":{"0":[10,7],"1":[4,3],"2":[2,1],"3":[3,2],"4":[10,7],"5":[4,3],"6":[2,1],"7":[3,2],"8":[10,7],"9":[4,3],"10":[2,1],"11":[3,2],"12":[17,6],"13":[4,2]},"_coverageSchema":"1a1c01bbd47fc00a2c39e90264f33305004495a9","hash":"d862cc8945dd288b856662ff588b9562f063ea39"}
,"C:\\Users\\itonl\\Desktop\\01_Frontend\\hyakunin-goromaru-android\\src\\components\\ui\\GoroText.tsx": {"path":"C:\\Users\\itonl\\Desktop\\01_Frontend\\hyakunin-goromaru-android\\src\\components\\ui\\GoroText.tsx","statementMap":{"0":{"start":{"line":18,"column":17},"end":{"line":35,"column":2}},"1":{"start":{"line":20,"column":16},"end":{"line":20,"column":35}},"2":{"start":{"line":22,"column":2},"end":{"line":34,"column":4}},"3":{"start":{"line":25,"column":8},"end":{"line":31,"column":9}},"4":{"start":{"line":37,"column":0},"end":{"line":37,"column":34}},"5":{"start":{"line":49,"column":28},"end":{"line":49,"column":30}},"6":{"start":{"line":50,"column":16},"end":{"line":50,"column":40}},"7":{"start":{"line":53,"column":2},"end":{"line":60,"column":3}},"8":{"start":{"line":54,"column":4},"end":{"line":59,"column":5}},"9":{"start":{"line":56,"column":6},"end":{"line":56,"column":56}},"10":{"start":{"line":57,"column":11},"end":{"line":59,"column":5}},"11":{"start":{"line":58,"column":6},"end":{"line":58,"column":57}},"12":{"start":{"line":63,"column":2},"end":{"line":65,"column":3}},"13":{"start":{"line":64,"column":4},"end":{"line":64,"column":45}},"14":{"start":{"line":67,"column":2},"end":{"line":67,"column":15}},"15":{"start":{"line":70,"column":15},"end":{"line":80,"column":2}}},"fnMap":{"0":{"name":"(anonymous_0)","decl":{"start":{"line":18,"column":22},"end":{"line":18,"column":23}},"loc":{"start":{"line":18,"column":66},"end":{"line":35,"column":1}},"line":18},"1":{"name":"(anonymous_1)","decl":{"start":{"line":24,"column":17},"end":{"line":24,"column":18}},"loc":{"start":{"line":25,"column":8},"end":{"line":31,"column":9}},"line":25},"2":{"name":"parseGoroText","decl":{"start":{"line":48,"column":9},"end":{"line":48,"column":22}},"loc":{"start":{"line":48,"column":49},"end":{"line":68,"column":1}},"line":48}},"branchMap":{"0":{"loc":{"start":{"line":18,"column":31},"end":{"line":18,"column":44}},"type":"default-arg","locations":[{"start":{"line":18,"column":42},"end":{"line":18,"column":44}}],"line":18},"1":{"loc":{"start":{"line":25,"column":8},"end":{"line":31,"column":9}},"type":"cond-expr","locations":[{"start":{"line":26,"column":10},"end":{"line":28,"column":17}},{"start":{"line":30,"column":10},"end":{"line":30,"column":46}}],"line":25},"2":{"loc":{"start":{"line":54,"column":4},"end":{"line":59,"column":5}},"type":"if","locations":[{"start":{"line":54,"column":4},"end":{"line":59,"column":5}},{"start":{"line":57,"column":11},"end":{"line":59,"column":5}}],"line":54},"3":{"loc":{"start":{"line":57,"column":11},"end":{"line":59,"column":5}},"type":"if","locations":[{"start":{"line":57,"column":11},"end":{"line":59,"column":5}},{"start":{},"end":{}}],"line":57},"4":{"loc":{"start":{"line":63,"column":2},"end":{"line":65,"column":3}},"type":"if","locations":[{"start":{"line":63,"column":2},"end":{"line":65,"column":3}},{"start":{},"end":{}}],"line":63}},"s":{"0":1,"1":16,"2":16,"3":25,"4":1,"5":16,"6":16,"7":16,"8":24,"9":10,"10":14,"11":14,"12":16,"13":1,"14":16,"15":1},"f":{"0":16,"1":25,"2":16},"b":{"0":[15],"1":[10,15],"2":[10,14],"3":[14,0],"4":[1,15]},"_coverageSchema":"1a1c01bbd47fc00a2c39e90264f33305004495a9","hash":"0234ce33d1d8e1c63ef8ad8a548843202713116c"}
,"C:\\Users\\itonl\\Desktop\\01_Frontend\\hyakunin-goromaru-android\\src\\components\\ui\\VerticalText.tsx": {"path":"C:\\Users\\itonl\\Desktop\\01_Frontend\\hyakunin-goromaru-android\\src\\components\\ui\\VerticalText.tsx","statementMap":{"0":{"start":{"line":25,"column":21},"end":{"line":76,"column":1}},"1":{"start":{"line":33,"column":18},"end":{"line":33,"column":32}},"2":{"start":{"line":36,"column":30},"end":{"line":36,"column":32}},"3":{"start":{"line":37,"column":4},"end":{"line":39,"column":5}},"4":{"start":{"line":37,"column":17},"end":{"line":37,"column":18}},"5":{"start":{"line":38,"column":6},"end":{"line":38,"column":49}},"6":{"start":{"line":44,"column":26},"end":{"line":48,"column":5}},"7":{"start":{"line":45,"column":6},"end":{"line":45,"column":40}},"8":{"start":{"line":45,"column":27},"end":{"line":45,"column":40}},"9":{"start":{"line":46,"column":32},"end":{"line":46,"column":46}},"10":{"start":{"line":47,"column":6},"end":{"line":47,"column":66}},"11":{"start":{"line":50,"column":4},"end":{"line":74,"column":6}},"12":{"start":{"line":54,"column":10},"end":{"line":71,"column":17}},"13":{"start":{"line":56,"column":34},"end":{"line":56,"column":68}},"14":{"start":{"line":57,"column":34},"end":{"line":57,"column":60}},"15":{"start":{"line":58,"column":14},"end":{"line":69,"column":16}},"16":{"start":{"line":78,"column":0},"end":{"line":78,"column":42}},"17":{"start":{"line":80,"column":15},"end":{"line":95,"column":2}}},"fnMap":{"0":{"name":"(anonymous_0)","decl":{"start":{"line":26,"column":2},"end":{"line":26,"column":3}},"loc":{"start":{"line":32,"column":27},"end":{"line":75,"column":3}},"line":32},"1":{"name":"(anonymous_1)","decl":{"start":{"line":44,"column":26},"end":{"line":44,"column":27}},"loc":{"start":{"line":44,"column":60},"end":{"line":48,"column":5}},"line":44},"2":{"name":"(anonymous_2)","decl":{"start":{"line":53,"column":19},"end":{"line":53,"column":20}},"loc":{"start":{"line":54,"column":10},"end":{"line":71,"column":17}},"line":54},"3":{"name":"(anonymous_3)","decl":{"start":{"line":55,"column":27},"end":{"line":55,"column":28}},"loc":{"start":{"line":55,"column":48},"end":{"line":70,"column":13}},"line":55}},"branchMap":{"0":{"loc":{"start":{"line":29,"column":4},"end":{"line":29,"column":37}},"type":"default-arg","locations":[{"start":{"line":29,"column":21},"end":{"line":29,"column":37}}],"line":29},"1":{"loc":{"start":{"line":30,"column":4},"end":{"line":30,"column":17}},"type":"default-arg","locations":[{"start":{"line":30,"column":15},"end":{"line":30,"column":17}}],"line":30},"2":{"loc":{"start":{"line":31,"column":4},"end":{"line":31,"column":18}},"type":"default-arg","locations":[{"start":{"line":31,"column":17},"end":{"line":31,"column":18}}],"line":31},"3":{"loc":{"start":{"line":45,"column":6},"end":{"line":45,"column":40}},"type":"if","locations":[{"start":{"line":45,"column":6},"end":{"line":45,"column":40}},{"start":{},"end":{}}],"line":45},"4":{"loc":{"start":{"line":47,"column":13},"end":{"line":47,"column":65}},"type":"binary-expr","locations":[{"start":{"line":47,"column":13},"end":{"line":47,"column":33}},{"start":{"line":47,"column":37},"end":{"line":47,"column":65}}],"line":47},"5":{"loc":{"start":{"line":64,"column":20},"end":{"line":64,"column":60}},"type":"binary-expr","locations":[{"start":{"line":64,"column":20},"end":{"line":64,"column":31}},{"start":{"line":64,"column":35},"end":{"line":64,"column":60}}],"line":64}},"s":{"0":1,"1":16,"2":16,"3":16,"4":16,"5":53,"6":16,"7":143,"8":131,"9":12,"10":12,"11":16,"12":53,"13":143,"14":143,"15":143,"16":1,"17":1},"f":{"0":16,"1":143,"2":53,"3":143},"b":{"0":[15],"1":[15],"2":[14],"3":[131,12],"4":[12,11],"5":[143,4]},"_coverageSchema":"1a1c01bbd47fc00a2c39e90264f33305004495a9","hash":"eb658c820b602b16770c9a040b12b95e4c5c4c73"}
,"C:\\Users\\itonl\\Desktop\\01_Frontend\\hyakunin-goromaru-android\\src\\constants\\study.ts": {"path":"C:\\Users\\itonl\\Desktop\\01_Frontend\\hyakunin-goromaru-android\\src\\constants\\study.ts","statementMap":{"0":{"start":{"line":2,"column":27},"end":{"line":9,"column":10}},"1":{"start":{"line":11,"column":27},"end":{"line":11,"column":45}},"2":{"start":{"line":14,"column":38},"end":{"line":14,"column":41}},"3":{"start":{"line":17,"column":35},"end":{"line":21,"column":10}},"4":{"start":{"line":26,"column":38},"end":{"line":26,"column":68}},"5":{"start":{"line":29,"column":22},"end":{"line":40,"column":10}}},"fnMap":{},"branchMap":{},"s":{"0":5,"1":5,"2":5,"3":5,"4":5,"5":5},"f":{},"b":{},"_coverageSchema":"1a1c01bbd47fc00a2c39e90264f33305004495a9","hash":"6a17d24f8267bd09d69cbd8407602abaecccd9fc"}
,"C:\\Users\\itonl\\Desktop\\01_Frontend\\hyakunin-goromaru-android\\src\\stores\\battleStore.ts": {"path":"C:\\Users\\itonl\\Desktop\\01_Frontend\\hyakunin-goromaru-android\\src\\stores\\battleStore.ts","statementMap":{"0":{"start":{"line":34,"column":30},"end":{"line":136,"column":3}},"1":{"start":{"line":34,"column":65},"end":{"line":136,"column":1}},"2":{"start":{"line":48,"column":4},"end":{"line":52,"column":7}},"3":{"start":{"line":56,"column":4},"end":{"line":56,"column":40}},"4":{"start":{"line":60,"column":27},"end":{"line":60,"column":32}},"5":{"start":{"line":61,"column":4},"end":{"line":70,"column":7}},"6":{"start":{"line":74,"column":53},"end":{"line":74,"column":58}},"7":{"start":{"line":75,"column":21},"end":{"line":75,"column":44}},"8":{"start":{"line":76,"column":4},"end":{"line":76,"column":32}},"9":{"start":{"line":76,"column":19},"end":{"line":76,"column":32}},"10":{"start":{"line":78,"column":22},"end":{"line":78,"column":61}},"11":{"start":{"line":79,"column":4},"end":{"line":83,"column":7}},"12":{"start":{"line":84,"column":4},"end":{"line":84,"column":21}},"13":{"start":{"line":88,"column":24},"end":{"line":88,"column":29}},"14":{"start":{"line":89,"column":4},"end":{"line":89,"column":50}},"15":{"start":{"line":93,"column":35},"end":{"line":93,"column":40}},"16":{"start":{"line":94,"column":4},"end":{"line":94,"column":25}},"17":{"start":{"line":94,"column":18},"end":{"line":94,"column":25}},"18":{"start":{"line":96,"column":20},"end":{"line":96,"column":49}},"19":{"start":{"line":97,"column":4},"end":{"line":101,"column":5}},"20":{"start":{"line":98,"column":6},"end":{"line":98,"column":23}},"21":{"start":{"line":100,"column":6},"end":{"line":100,"column":33}},"22":{"start":{"line":105,"column":52},"end":{"line":105,"column":57}},"23":{"start":{"line":106,"column":4},"end":{"line":114,"column":5}},"24":{"start":{"line":107,"column":6},"end":{"line":112,"column":9}},"25":{"start":{"line":113,"column":6},"end":{"line":113,"column":18}},"26":{"start":{"line":115,"column":4},"end":{"line":115,"column":17}},"27":{"start":{"line":119,"column":4},"end":{"line":119,"column":48}},"28":{"start":{"line":123,"column":27},"end":{"line":123,"column":32}},"29":{"start":{"line":124,"column":4},"end":{"line":134,"column":7}}},"fnMap":{"0":{"name":"(anonymous_0)","decl":{"start":{"line":34,"column":50},"end":{"line":34,"column":51}},"loc":{"start":{"line":34,"column":65},"end":{"line":136,"column":1}},"line":34},"1":{"name":"(anonymous_1)","decl":{"start":{"line":47,"column":13},"end":{"line":47,"column":14}},"loc":{"start":{"line":47,"column":73},"end":{"line":53,"column":3}},"line":47},"2":{"name":"(anonymous_2)","decl":{"start":{"line":55,"column":16},"end":{"line":55,"column":17}},"loc":{"start":{"line":55,"column":49},"end":{"line":57,"column":3}},"line":55},"3":{"name":"(anonymous_3)","decl":{"start":{"line":59,"column":9},"end":{"line":59,"column":10}},"loc":{"start":{"line":59,"column":15},"end":{"line":71,"column":3}},"line":59},"4":{"name":"(anonymous_4)","decl":{"start":{"line":73,"column":10},"end":{"line":73,"column":11}},"loc":{"start":{"line":73,"column":37},"end":{"line":85,"column":3}},"line":73},"5":{"name":"(anonymous_5)","decl":{"start":{"line":87,"column":12},"end":{"line":87,"column":13}},"loc":{"start":{"line":87,"column":18},"end":{"line":90,"column":3}},"line":87},"6":{"name":"(anonymous_6)","decl":{"start":{"line":92,"column":8},"end":{"line":92,"column":9}},"loc":{"start":{"line":92,"column":27},"end":{"line":102,"column":3}},"line":92},"7":{"name":"(anonymous_7)","decl":{"start":{"line":104,"column":16},"end":{"line":104,"column":17}},"loc":{"start":{"line":104,"column":22},"end":{"line":116,"column":3}},"line":104},"8":{"name":"(anonymous_8)","decl":{"start":{"line":118,"column":10},"end":{"line":118,"column":11}},"loc":{"start":{"line":118,"column":16},"end":{"line":120,"column":3}},"line":118},"9":{"name":"(anonymous_9)","decl":{"start":{"line":122,"column":9},"end":{"line":122,"column":10}},"loc":{"start":{"line":122,"column":15},"end":{"line":135,"column":3}},"line":122}},"branchMap":{"0":{"loc":{"start":{"line":76,"column":4},"end":{"line":76,"column":32}},"type":"if","locations":[{"start":{"line":76,"column":4},"end":{"line":76,"column":32}},{"start":{},"end":{}}],"line":76},"1":{"loc":{"start":{"line":82,"column":19},"end":{"line":82,"column":60}},"type":"cond-expr","locations":[{"start":{"line":82,"column":31},"end":{"line":82,"column":46}},{"start":{"line":82,"column":49},"end":{"line":82,"column":60}}],"line":82},"2":{"loc":{"start":{"line":94,"column":4},"end":{"line":94,"column":25}},"type":"if","locations":[{"start":{"line":94,"column":4},"end":{"line":94,"column":25}},{"start":{},"end":{}}],"line":94},"3":{"loc":{"start":{"line":97,"column":4},"end":{"line":101,"column":5}},"type":"if","locations":[{"start":{"line":97,"column":4},"end":{"line":101,"column":5}},{"start":{"line":99,"column":11},"end":{"line":101,"column":5}}],"line":97},"4":{"loc":{"start":{"line":106,"column":4},"end":{"line":114,"column":5}},"type":"if","locations":[{"start":{"line":106,"column":4},"end":{"line":114,"column":5}},{"start":{},"end":{}}],"line":106}},"s":{"0":1,"1":1,"2":11,"3":27,"4":27,"5":27,"6":11,"7":11,"8":11,"9":1,"10":10,"11":10,"12":10,"13":4,"14":4,"15":6,"16":6,"17":1,"18":5,"19":5,"20":2,"21":3,"22":10,"23":10,"24":9,"25":9,"26":1,"27":4,"28":48,"29":48},"f":{"0":1,"1":11,"2":27,"3":27,"4":11,"5":4,"6":6,"7":10,"8":4,"9":48},"b":{"0":[1,10],"1":[9,1],"2":[1,5],"3":[2,3],"4":[9,1]},"_coverageSchema":"1a1c01bbd47fc00a2c39e90264f33305004495a9","hash":"b26d1def40783e4583e033b37d9a6f8e357ef70a"}
,"C:\\Users\\itonl\\Desktop\\01_Frontend\\hyakunin-goromaru-android\\src\\stores\\studyStore.ts": {"path":"C:\\Users\\itonl\\Desktop\\01_Frontend\\hyakunin-goromaru-android\\src\\stores\\studyStore.ts","statementMap":{"0":{"start":{"line":16,"column":29},"end":{"line":51,"column":3}},"1":{"start":{"line":16,"column":63},"end":{"line":51,"column":1}},"2":{"start":{"line":22,"column":28},"end":{"line":22,"column":33}},"3":{"start":{"line":23,"column":4},"end":{"line":25,"column":5}},"4":{"start":{"line":24,"column":6},"end":{"line":24,"column":44}},"5":{"start":{"line":29,"column":28},"end":{"line":29,"column":33}},"6":{"start":{"line":30,"column":4},"end":{"line":32,"column":5}},"7":{"start":{"line":31,"column":6},"end":{"line":31,"column":44}},"8":{"start":{"line":36,"column":40},"end":{"line":36,"column":45}},"9":{"start":{"line":37,"column":4},"end":{"line":40,"column":5}},"10":{"start":{"line":38,"column":6},"end":{"line":38,"column":70}},"11":{"start":{"line":39,"column":6},"end":{"line":39,"column":18}},"12":{"start":{"line":41,"column":4},"end":{"line":41,"column":17}},"13":{"start":{"line":45,"column":4},"end":{"line":45,"column":56}},"14":{"start":{"line":49,"column":4},"end":{"line":49,"column":60}}},"fnMap":{"0":{"name":"(anonymous_0)","decl":{"start":{"line":16,"column":48},"end":{"line":16,"column":49}},"loc":{"start":{"line":16,"column":63},"end":{"line":51,"column":1}},"line":16},"1":{"name":"(anonymous_1)","decl":{"start":{"line":21,"column":12},"end":{"line":21,"column":13}},"loc":{"start":{"line":21,"column":18},"end":{"line":26,"column":3}},"line":21},"2":{"name":"(anonymous_2)","decl":{"start":{"line":28,"column":12},"end":{"line":28,"column":13}},"loc":{"start":{"line":28,"column":18},"end":{"line":33,"column":3}},"line":28},"3":{"name":"(anonymous_3)","decl":{"start":{"line":35,"column":12},"end":{"line":35,"column":13}},"loc":{"start":{"line":35,"column":18},"end":{"line":42,"column":3}},"line":35},"4":{"name":"(anonymous_4)","decl":{"start":{"line":44,"column":12},"end":{"line":44,"column":13}},"loc":{"start":{"line":44,"column":31},"end":{"line":46,"column":3}},"line":44},"5":{"name":"(anonymous_5)","decl":{"start":{"line":48,"column":9},"end":{"line":48,"column":10}},"loc":{"start":{"line":48,"column":15},"end":{"line":50,"column":3}},"line":48}},"branchMap":{"0":{"loc":{"start":{"line":23,"column":4},"end":{"line":25,"column":5}},"type":"if","locations":[{"start":{"line":23,"column":4},"end":{"line":25,"column":5}},{"start":{},"end":{}}],"line":23},"1":{"loc":{"start":{"line":30,"column":4},"end":{"line":32,"column":5}},"type":"if","locations":[{"start":{"line":30,"column":4},"end":{"line":32,"column":5}},{"start":{},"end":{}}],"line":30},"2":{"loc":{"start":{"line":37,"column":4},"end":{"line":40,"column":5}},"type":"if","locations":[{"start":{"line":37,"column":4},"end":{"line":40,"column":5}},{"start":{},"end":{}}],"line":37}},"s":{"0":1,"1":1,"2":25,"3":25,"4":19,"5":4,"6":4,"7":2,"8":14,"9":14,"10":11,"11":11,"12":3,"13":12,"14":22},"f":{"0":1,"1":25,"2":4,"3":14,"4":12,"5":22},"b":{"0":[19,6],"1":[2,2],"2":[11,3]},"_coverageSchema":"1a1c01bbd47fc00a2c39e90264f33305004495a9","hash":"17a13ba61d643915b64ff45b51a3be057395e0af"}
,"C:\\Users\\itonl\\Desktop\\01_Frontend\\hyakunin-goromaru-android\\src\\stores\\testStore.ts": {"path":"C:\\Users\\itonl\\Desktop\\01_Frontend\\hyakunin-goromaru-android\\src\\stores\\testStore.ts","statementMap":{"0":{"start":{"line":24,"column":28},"end":{"line":77,"column":3}},"1":{"start":{"line":24,"column":61},"end":{"line":77,"column":1}},"2":{"start":{"line":34,"column":84},"end":{"line":34,"column":89}},"3":{"start":{"line":35,"column":21},"end":{"line":35,"column":44}},"4":{"start":{"line":36,"column":4},"end":{"line":36,"column":32}},"5":{"start":{"line":36,"column":19},"end":{"line":36,"column":32}},"6":{"start":{"line":38,"column":22},"end":{"line":38,"column":61}},"7":{"start":{"line":39,"column":27},"end":{"line":39,"column":65}},"8":{"start":{"line":40,"column":20},"end":{"line":40,"column":61}},"9":{"start":{"line":42,"column":4},"end":{"line":48,"column":7}},"10":{"start":{"line":50,"column":4},"end":{"line":50,"column":21}},"11":{"start":{"line":54,"column":40},"end":{"line":54,"column":45}},"12":{"start":{"line":55,"column":4},"end":{"line":58,"column":5}},"13":{"start":{"line":56,"column":6},"end":{"line":56,"column":84}},"14":{"start":{"line":57,"column":6},"end":{"line":57,"column":18}},"15":{"start":{"line":59,"column":4},"end":{"line":59,"column":17}},"16":{"start":{"line":63,"column":4},"end":{"line":63,"column":78}},"17":{"start":{"line":67,"column":4},"end":{"line":75,"column":7}}},"fnMap":{"0":{"name":"(anonymous_0)","decl":{"start":{"line":24,"column":46},"end":{"line":24,"column":47}},"loc":{"start":{"line":24,"column":61},"end":{"line":77,"column":1}},"line":24},"1":{"name":"(anonymous_1)","decl":{"start":{"line":33,"column":10},"end":{"line":33,"column":11}},"loc":{"start":{"line":33,"column":37},"end":{"line":51,"column":3}},"line":33},"2":{"name":"(anonymous_2)","decl":{"start":{"line":53,"column":16},"end":{"line":53,"column":17}},"loc":{"start":{"line":53,"column":22},"end":{"line":60,"column":3}},"line":53},"3":{"name":"(anonymous_3)","decl":{"start":{"line":62,"column":16},"end":{"line":62,"column":17}},"loc":{"start":{"line":62,"column":47},"end":{"line":64,"column":3}},"line":62},"4":{"name":"(anonymous_4)","decl":{"start":{"line":66,"column":9},"end":{"line":66,"column":10}},"loc":{"start":{"line":66,"column":15},"end":{"line":76,"column":3}},"line":66}},"branchMap":{"0":{"loc":{"start":{"line":36,"column":4},"end":{"line":36,"column":32}},"type":"if","locations":[{"start":{"line":36,"column":4},"end":{"line":36,"column":32}},{"start":{},"end":{}}],"line":36},"1":{"loc":{"start":{"line":39,"column":27},"end":{"line":39,"column":65}},"type":"cond-expr","locations":[{"start":{"line":39,"column":39},"end":{"line":39,"column":61}},{"start":{"line":39,"column":64},"end":{"line":39,"column":65}}],"line":39},"2":{"loc":{"start":{"line":45,"column":13},"end":{"line":45,"column":42}},"type":"cond-expr","locations":[{"start":{"line":45,"column":25},"end":{"line":45,"column":34}},{"start":{"line":45,"column":37},"end":{"line":45,"column":42}}],"line":45},"3":{"loc":{"start":{"line":55,"column":4},"end":{"line":58,"column":5}},"type":"if","locations":[{"start":{"line":55,"column":4},"end":{"line":58,"column":5}},{"start":{},"end":{}}],"line":55}},"s":{"0":1,"1":1,"2":22,"3":22,"4":22,"5":1,"6":21,"7":21,"8":21,"9":21,"10":21,"11":17,"12":17,"13":15,"14":15,"15":2,"16":23,"17":32},"f":{"0":1,"1":22,"2":17,"3":23,"4":32},"b":{"0":[1,21],"1":[16,5],"2":[16,5],"3":[15,2]},"_coverageSchema":"1a1c01bbd47fc00a2c39e90264f33305004495a9","hash":"710a50ebd8fc1cace65b9f0f073cbdd4eb335b7c"}
,"C:\\Users\\itonl\\Desktop\\01_Frontend\\hyakunin-goromaru-android\\src\\utils\\blockUtils.ts": {"path":"C:\\Users\\itonl\\Desktop\\01_Frontend\\hyakunin-goromaru-android\\src\\utils\\blockUtils.ts","statementMap":{"0":{"start":{"line":20,"column":2},"end":{"line":31,"column":5}},"1":{"start":{"line":21,"column":15},"end":{"line":21,"column":20}},"2":{"start":{"line":22,"column":17},"end":{"line":22,"column":28}},"3":{"start":{"line":23,"column":15},"end":{"line":23,"column":23}},"4":{"start":{"line":24,"column":4},"end":{"line":30,"column":6}},"5":{"start":{"line":34,"column":22},"end":{"line":34,"column":38}},"6":{"start":{"line":40,"column":2},"end":{"line":40,"column":53}},"7":{"start":{"line":40,"column":28},"end":{"line":40,"column":51}},"8":{"start":{"line":56,"column":2},"end":{"line":67,"column":5}},"9":{"start":{"line":57,"column":15},"end":{"line":57,"column":20}},"10":{"start":{"line":58,"column":17},"end":{"line":58,"column":28}},"11":{"start":{"line":59,"column":15},"end":{"line":59,"column":38}},"12":{"start":{"line":60,"column":4},"end":{"line":66,"column":6}},"13":{"start":{"line":82,"column":2},"end":{"line":93,"column":5}},"14":{"start":{"line":83,"column":15},"end":{"line":83,"column":20}},"15":{"start":{"line":84,"column":17},"end":{"line":84,"column":29}},"16":{"start":{"line":85,"column":15},"end":{"line":85,"column":24}},"17":{"start":{"line":86,"column":4},"end":{"line":92,"column":6}}},"fnMap":{"0":{"name":"generateBlocks","decl":{"start":{"line":19,"column":16},"end":{"line":19,"column":30}},"loc":{"start":{"line":19,"column":42},"end":{"line":32,"column":1}},"line":19},"1":{"name":"(anonymous_1)","decl":{"start":{"line":20,"column":36},"end":{"line":20,"column":37}},"loc":{"start":{"line":20,"column":46},"end":{"line":31,"column":3}},"line":20},"2":{"name":"getBlockByRangeKey","decl":{"start":{"line":39,"column":16},"end":{"line":39,"column":34}},"loc":{"start":{"line":39,"column":72},"end":{"line":41,"column":1}},"line":39},"3":{"name":"(anonymous_3)","decl":{"start":{"line":40,"column":21},"end":{"line":40,"column":22}},"loc":{"start":{"line":40,"column":28},"end":{"line":40,"column":51}},"line":40},"4":{"name":"generateEightGroups","decl":{"start":{"line":55,"column":16},"end":{"line":55,"column":35}},"loc":{"start":{"line":55,"column":52},"end":{"line":68,"column":1}},"line":55},"5":{"name":"(anonymous_5)","decl":{"start":{"line":56,"column":36},"end":{"line":56,"column":37}},"loc":{"start":{"line":56,"column":46},"end":{"line":67,"column":3}},"line":56},"6":{"name":"generateTwentyGroups","decl":{"start":{"line":81,"column":16},"end":{"line":81,"column":36}},"loc":{"start":{"line":81,"column":54},"end":{"line":94,"column":1}},"line":81},"7":{"name":"(anonymous_7)","decl":{"start":{"line":82,"column":35},"end":{"line":82,"column":36}},"loc":{"start":{"line":82,"column":45},"end":{"line":93,"column":3}},"line":82}},"branchMap":{"0":{"loc":{"start":{"line":63,"column":10},"end":{"line":63,"column":29}},"type":"cond-expr","locations":[{"start":{"line":63,"column":21},"end":{"line":63,"column":24}},{"start":{"line":63,"column":27},"end":{"line":63,"column":29}}],"line":63}},"s":{"0":10,"1":250,"2":250,"3":250,"4":250,"5":1,"6":8,"7":164,"8":7,"9":91,"10":91,"11":91,"12":91,"13":8,"14":40,"15":40,"16":40,"17":40},"f":{"0":10,"1":250,"2":8,"3":164,"4":7,"5":91,"6":8,"7":40},"b":{"0":[0,91]},"_coverageSchema":"1a1c01bbd47fc00a2c39e90264f33305004495a9","hash":"d675769ff1caed397c7f9638333d85051ba3f529"}
,"C:\\Users\\itonl\\Desktop\\01_Frontend\\hyakunin-goromaru-android\\src\\utils\\poemUtils.ts": {"path":"C:\\Users\\itonl\\Desktop\\01_Frontend\\hyakunin-goromaru-android\\src\\utils\\poemUtils.ts","statementMap":{"0":{"start":{"line":8,"column":17},"end":{"line":8,"column":27}},"1":{"start":{"line":9,"column":2},"end":{"line":12,"column":3}},"2":{"start":{"line":9,"column":15},"end":{"line":9,"column":32}},"3":{"start":{"line":10,"column":14},"end":{"line":10,"column":49}},"4":{"start":{"line":11,"column":4},"end":{"line":11,"column":52}},"5":{"start":{"line":13,"column":2},"end":{"line":13,"column":16}},"6":{"start":{"line":27,"column":21},"end":{"line":27,"column":68}},"7":{"start":{"line":27,"column":44},"end":{"line":27,"column":67}},"8":{"start":{"line":28,"column":18},"end":{"line":28,"column":49}},"9":{"start":{"line":29,"column":18},"end":{"line":29,"column":52}},"10":{"start":{"line":30,"column":23},"end":{"line":30,"column":72}},"11":{"start":{"line":30,"column":48},"end":{"line":30,"column":71}},"12":{"start":{"line":32,"column":2},"end":{"line":32,"column":54}},"13":{"start":{"line":42,"column":2},"end":{"line":42,"column":67}},"14":{"start":{"line":42,"column":29},"end":{"line":42,"column":65}},"15":{"start":{"line":49,"column":2},"end":{"line":49,"column":60}},"16":{"start":{"line":49,"column":32},"end":{"line":49,"column":58}}},"fnMap":{"0":{"name":"shuffle","decl":{"start":{"line":7,"column":16},"end":{"line":7,"column":23}},"loc":{"start":{"line":7,"column":44},"end":{"line":14,"column":1}},"line":7},"1":{"name":"generateQuizQuestion","decl":{"start":{"line":22,"column":16},"end":{"line":22,"column":36}},"loc":{"start":{"line":25,"column":16},"end":{"line":33,"column":1}},"line":25},"2":{"name":"(anonymous_2)","decl":{"start":{"line":27,"column":37},"end":{"line":27,"column":38}},"loc":{"start":{"line":27,"column":44},"end":{"line":27,"column":67}},"line":27},"3":{"name":"(anonymous_3)","decl":{"start":{"line":30,"column":41},"end":{"line":30,"column":42}},"loc":{"start":{"line":30,"column":48},"end":{"line":30,"column":71}},"line":30},"4":{"name":"generateQuizQuestions","decl":{"start":{"line":38,"column":16},"end":{"line":38,"column":37}},"loc":{"start":{"line":41,"column":18},"end":{"line":43,"column":1}},"line":41},"5":{"name":"(anonymous_5)","decl":{"start":{"line":42,"column":19},"end":{"line":42,"column":20}},"loc":{"start":{"line":42,"column":29},"end":{"line":42,"column":65}},"line":42},"6":{"name":"getPoemsByRange","decl":{"start":{"line":48,"column":16},"end":{"line":48,"column":31}},"loc":{"start":{"line":48,"column":84},"end":{"line":50,"column":1}},"line":48},"7":{"name":"(anonymous_7)","decl":{"start":{"line":49,"column":25},"end":{"line":49,"column":26}},"loc":{"start":{"line":49,"column":32},"end":{"line":49,"column":58}},"line":49}},"branchMap":{"0":{"loc":{"start":{"line":49,"column":32},"end":{"line":49,"column":58}},"type":"binary-expr","locations":[{"start":{"line":49,"column":32},"end":{"line":49,"column":44}},{"start":{"line":49,"column":48},"end":{"line":49,"column":58}}],"line":49}},"s":{"0":252,"1":252,"2":252,"3":11829,"4":11829,"5":252,"6":117,"7":11604,"8":117,"9":117,"10":117,"11":301,"12":117,"13":5,"14":109,"15":8,"16":700},"f":{"0":252,"1":117,"2":11604,"3":301,"4":5,"5":109,"6":8,"7":700},"b":{"0":[700,442]},"_coverageSchema":"1a1c01bbd47fc00a2c39e90264f33305004495a9","hash":"8c3a5477c1b356edeedb3879cbf249c6972c4d63"}
,"C:\\Users\\itonl\\Desktop\\01_Frontend\\hyakunin-goromaru-android\\src\\utils\\scoreUtils.ts": {"path":"C:\\Users\\itonl\\Desktop\\01_Frontend\\hyakunin-goromaru-android\\src\\utils\\scoreUtils.ts","statementMap":{"0":{"start":{"line":9,"column":2},"end":{"line":9,"column":28}},"1":{"start":{"line":9,"column":19},"end":{"line":9,"column":28}},"2":{"start":{"line":10,"column":2},"end":{"line":10,"column":45}},"3":{"start":{"line":17,"column":2},"end":{"line":17,"column":40}},"4":{"start":{"line":26,"column":2},"end":{"line":26,"column":42}},"5":{"start":{"line":26,"column":29},"end":{"line":26,"column":42}},"6":{"start":{"line":27,"column":2},"end":{"line":27,"column":43}},"7":{"start":{"line":27,"column":29},"end":{"line":27,"column":43}},"8":{"start":{"line":28,"column":2},"end":{"line":28,"column":16}},"9":{"start":{"line":35,"column":2},"end":{"line":35,"column":33}}},"fnMap":{"0":{"name":"calculateAccuracy","decl":{"start":{"line":8,"column":16},"end":{"line":8,"column":33}},"loc":{"start":{"line":8,"column":74},"end":{"line":11,"column":1}},"line":8},"1":{"name":"isTestCleared","decl":{"start":{"line":16,"column":16},"end":{"line":16,"column":29}},"loc":{"start":{"line":16,"column":71},"end":{"line":18,"column":1}},"line":16},"2":{"name":"getBattleResult","decl":{"start":{"line":25,"column":16},"end":{"line":25,"column":31}},"loc":{"start":{"line":25,"column":84},"end":{"line":29,"column":1}},"line":25},"3":{"name":"formatScore","decl":{"start":{"line":34,"column":16},"end":{"line":34,"column":27}},"loc":{"start":{"line":34,"column":68},"end":{"line":36,"column":1}},"line":34}},"branchMap":{"0":{"loc":{"start":{"line":9,"column":2},"end":{"line":9,"column":28}},"type":"if","locations":[{"start":{"line":9,"column":2},"end":{"line":9,"column":28}},{"start":{},"end":{}}],"line":9},"1":{"loc":{"start":{"line":17,"column":9},"end":{"line":17,"column":39}},"type":"binary-expr","locations":[{"start":{"line":17,"column":9},"end":{"line":17,"column":18}},{"start":{"line":17,"column":22},"end":{"line":17,"column":39}}],"line":17},"2":{"loc":{"start":{"line":26,"column":2},"end":{"line":26,"column":42}},"type":"if","locations":[{"start":{"line":26,"column":2},"end":{"line":26,"column":42}},{"start":{},"end":{}}],"line":26},"3":{"loc":{"start":{"line":27,"column":2},"end":{"line":27,"column":43}},"type":"if","locations":[{"start":{"line":27,"column":2},"end":{"line":27,"column":43}},{"start":{},"end":{}}],"line":27}},"s":{"0":11,"1":1,"2":10,"3":8,"4":11,"5":5,"6":6,"7":4,"8":2,"9":6},"f":{"0":11,"1":8,"2":11,"3":6},"b":{"0":[1,10],"1":[8,7],"2":[5,6],"3":[4,2]},"_coverageSchema":"1a1c01bbd47fc00a2c39e90264f33305004495a9","hash":"ee1bb4d3866748bc6d6aeb66dd6c2dc9ec77ebc3"}
}
