TN:
SF:src\components\learn\QuizOption.tsx
FN:20,(anonymous_0)
FN:21,(anonymous_1)
FN:28,(anonymous_2)
FN:35,(anonymous_3)
FN:46,(anonymous_4)
FNF:5
FNH:5
FNDA:17,(anonymous_0)
FNDA:17,(anonymous_1)
FNDA:17,(anonymous_2)
FNDA:17,(anonymous_3)
FNDA:4,(anonymous_4)
DA:19,1
DA:21,17
DA:22,17
DA:23,7
DA:24,3
DA:25,1
DA:28,17
DA:29,17
DA:30,7
DA:31,3
DA:32,1
DA:35,17
DA:36,17
DA:37,7
DA:38,3
DA:39,1
DA:42,17
DA:44,17
DA:46,4
DA:80,1
DA:82,1
LF:21
LH:21
BRDA:22,0,0,10
BRDA:22,0,1,7
BRDA:23,1,0,4
BRDA:23,1,1,3
BRDA:24,2,0,2
BRDA:24,2,1,1
BRDA:24,3,0,3
BRDA:24,3,1,2
BRDA:29,4,0,10
BRDA:29,4,1,7
BRDA:30,5,0,4
BRDA:30,5,1,3
BRDA:31,6,0,2
BRDA:31,6,1,1
BRDA:31,7,0,3
BRDA:31,7,1,2
BRDA:36,8,0,10
BRDA:36,8,1,7
BRDA:37,9,0,4
BRDA:37,9,1,3
BRDA:38,10,0,2
BRDA:38,10,1,1
BRDA:38,11,0,3
BRDA:38,11,1,2
BRDA:65,12,0,17
BRDA:65,12,1,6
BRDA:69,13,0,4
BRDA:69,13,1,2
BRF:28
BRH:28
end_of_record
TN:
SF:src\components\ui\GoroText.tsx
FN:18,(anonymous_0)
FN:24,(anonymous_1)
FN:48,parseGoroText
FNF:3
FNH:3
FNDA:16,(anonymous_0)
FNDA:25,(anonymous_1)
FNDA:16,parseGoroText
DA:18,1
DA:20,16
DA:22,16
DA:25,25
DA:37,1
DA:49,16
DA:50,16
DA:53,16
DA:54,24
DA:56,10
DA:57,14
DA:58,14
DA:63,16
DA:64,1
DA:67,16
DA:70,1
LF:16
LH:16
BRDA:18,0,0,15
BRDA:25,1,0,10
BRDA:25,1,1,15
BRDA:54,2,0,10
BRDA:54,2,1,14
BRDA:57,3,0,14
BRDA:57,3,1,0
BRDA:63,4,0,1
BRDA:63,4,1,15
BRF:9
BRH:8
end_of_record
TN:
SF:src\components\ui\VerticalText.tsx
FN:26,(anonymous_0)
FN:44,(anonymous_1)
FN:53,(anonymous_2)
FN:55,(anonymous_3)
FNF:4
FNH:4
FNDA:16,(anonymous_0)
FNDA:143,(anonymous_1)
FNDA:53,(anonymous_2)
FNDA:143,(anonymous_3)
DA:25,1
DA:33,16
DA:36,16
DA:37,16
DA:38,53
DA:44,16
DA:45,143
DA:46,12
DA:47,12
DA:50,16
DA:54,53
DA:56,143
DA:57,143
DA:58,143
DA:78,1
DA:80,1
LF:16
LH:16
BRDA:29,0,0,15
BRDA:30,1,0,15
BRDA:31,2,0,14
BRDA:45,3,0,131
BRDA:45,3,1,12
BRDA:47,4,0,12
BRDA:47,4,1,11
BRDA:64,5,0,143
BRDA:64,5,1,4
BRF:9
BRH:9
end_of_record
TN:
SF:src\constants\study.ts
FNF:0
FNH:0
DA:2,5
DA:11,5
DA:14,5
DA:17,5
DA:26,5
DA:29,5
LF:6
LH:6
BRF:0
BRH:0
end_of_record
TN:
SF:src\stores\battleStore.ts
FN:34,(anonymous_0)
FN:47,(anonymous_1)
FN:55,(anonymous_2)
FN:59,(anonymous_3)
FN:73,(anonymous_4)
FN:87,(anonymous_5)
FN:92,(anonymous_6)
FN:104,(anonymous_7)
FN:118,(anonymous_8)
FN:122,(anonymous_9)
FNF:10
FNH:10
FNDA:1,(anonymous_0)
FNDA:11,(anonymous_1)
FNDA:27,(anonymous_2)
FNDA:27,(anonymous_3)
FNDA:11,(anonymous_4)
FNDA:4,(anonymous_5)
FNDA:6,(anonymous_6)
FNDA:10,(anonymous_7)
FNDA:4,(anonymous_8)
FNDA:48,(anonymous_9)
DA:34,1
DA:48,11
DA:56,27
DA:60,27
DA:61,27
DA:74,11
DA:75,11
DA:76,11
DA:78,10
DA:79,10
DA:84,10
DA:88,4
DA:89,4
DA:93,6
DA:94,6
DA:96,5
DA:97,5
DA:98,2
DA:100,3
DA:105,10
DA:106,10
DA:107,9
DA:113,9
DA:115,1
DA:119,4
DA:123,48
DA:124,48
LF:27
LH:27
BRDA:76,0,0,1
BRDA:76,0,1,10
BRDA:82,1,0,9
BRDA:82,1,1,1
BRDA:94,2,0,1
BRDA:94,2,1,5
BRDA:97,3,0,2
BRDA:97,3,1,3
BRDA:106,4,0,9
BRDA:106,4,1,1
BRF:10
BRH:10
end_of_record
TN:
SF:src\stores\studyStore.ts
FN:16,(anonymous_0)
FN:21,(anonymous_1)
FN:28,(anonymous_2)
FN:35,(anonymous_3)
FN:44,(anonymous_4)
FN:48,(anonymous_5)
FNF:6
FNH:6
FNDA:1,(anonymous_0)
FNDA:25,(anonymous_1)
FNDA:4,(anonymous_2)
FNDA:14,(anonymous_3)
FNDA:12,(anonymous_4)
FNDA:22,(anonymous_5)
DA:16,1
DA:22,25
DA:23,25
DA:24,19
DA:29,4
DA:30,4
DA:31,2
DA:36,14
DA:37,14
DA:38,11
DA:39,11
DA:41,3
DA:45,12
DA:49,22
LF:14
LH:14
BRDA:23,0,0,19
BRDA:23,0,1,6
BRDA:30,1,0,2
BRDA:30,1,1,2
BRDA:37,2,0,11
BRDA:37,2,1,3
BRF:6
BRH:6
end_of_record
TN:
SF:src\stores\testStore.ts
FN:24,(anonymous_0)
FN:33,(anonymous_1)
FN:53,(anonymous_2)
FN:62,(anonymous_3)
FN:66,(anonymous_4)
FNF:5
FNH:5
FNDA:1,(anonymous_0)
FNDA:22,(anonymous_1)
FNDA:17,(anonymous_2)
FNDA:23,(anonymous_3)
FNDA:32,(anonymous_4)
DA:24,1
DA:34,22
DA:35,22
DA:36,22
DA:38,21
DA:39,21
DA:40,21
DA:42,21
DA:50,21
DA:54,17
DA:55,17
DA:56,15
DA:57,15
DA:59,2
DA:63,23
DA:67,32
LF:16
LH:16
BRDA:36,0,0,1
BRDA:36,0,1,21
BRDA:39,1,0,16
BRDA:39,1,1,5
BRDA:45,2,0,16
BRDA:45,2,1,5
BRDA:55,3,0,15
BRDA:55,3,1,2
BRF:8
BRH:8
end_of_record
TN:
SF:src\utils\blockUtils.ts
FN:19,generateBlocks
FN:20,(anonymous_1)
FN:39,getBlockByRangeKey
FN:40,(anonymous_3)
FN:55,generateEightGroups
FN:56,(anonymous_5)
FN:81,generateTwentyGroups
FN:82,(anonymous_7)
FNF:8
FNH:8
FNDA:10,generateBlocks
FNDA:250,(anonymous_1)
FNDA:8,getBlockByRangeKey
FNDA:164,(anonymous_3)
FNDA:7,generateEightGroups
FNDA:91,(anonymous_5)
FNDA:8,generateTwentyGroups
FNDA:40,(anonymous_7)
DA:20,10
DA:21,250
DA:22,250
DA:23,250
DA:24,250
DA:34,1
DA:40,164
DA:56,7
DA:57,91
DA:58,91
DA:59,91
DA:60,91
DA:82,8
DA:83,40
DA:84,40
DA:85,40
DA:86,40
LF:17
LH:17
BRDA:63,0,0,0
BRDA:63,0,1,91
BRF:2
BRH:1
end_of_record
TN:
SF:src\utils\poemUtils.ts
FN:7,shuffle
FN:22,generateQuizQuestion
FN:27,(anonymous_2)
FN:30,(anonymous_3)
FN:38,generateQuizQuestions
FN:42,(anonymous_5)
FN:48,getPoemsByRange
FN:49,(anonymous_7)
FNF:8
FNH:8
FNDA:252,shuffle
FNDA:117,generateQuizQuestion
FNDA:11604,(anonymous_2)
FNDA:301,(anonymous_3)
FNDA:5,generateQuizQuestions
FNDA:109,(anonymous_5)
FNDA:8,getPoemsByRange
FNDA:700,(anonymous_7)
DA:8,252
DA:9,252
DA:10,11829
DA:11,11829
DA:13,252
DA:27,11604
DA:28,117
DA:29,117
DA:30,301
DA:32,117
DA:42,109
DA:49,700
LF:12
LH:12
BRDA:49,0,0,700
BRDA:49,0,1,442
BRF:2
BRH:2
end_of_record
TN:
SF:src\utils\scoreUtils.ts
FN:8,calculateAccuracy
FN:16,isTestCleared
FN:25,getBattleResult
FN:34,formatScore
FNF:4
FNH:4
FNDA:11,calculateAccuracy
FNDA:8,isTestCleared
FNDA:11,getBattleResult
FNDA:6,formatScore
DA:9,11
DA:10,10
DA:17,8
DA:26,11
DA:27,6
DA:28,2
DA:35,6
LF:7
LH:7
BRDA:9,0,0,1
BRDA:9,0,1,10
BRDA:17,1,0,8
BRDA:17,1,1,7
BRDA:26,2,0,5
BRDA:26,2,1,6
BRDA:27,3,0,4
BRDA:27,3,1,2
BRF:8
BRH:8
end_of_record
